Error: Please close this to abort file opening
22 March 2018 9:56:40.287161 pm

VM: unix - Croquet Closure Cog[Spur] VM [CoInterpreterPrimitives VMMaker.oscog-eem.2260]
Image: Cuis 5.0 [latest update: #3174]

StandardFileStream class(Object)>>error:
	Receiver: StandardFileStream
	Arguments and temporary variables: 
		aString: 	'Please close this to abort file opening'
	Receiver's instance variables: 
		superclass: 	FileStream
		methodDict: 	a MethodDictionary(#actAsExecutor->(StandardFileStream>>#actAsExecu[..]
		format: 	65544
		instanceVariables: 	#('name' 'fileID' 'buffer1')
		organization: 	('open/close' close closed ensureOpen open:forWrite: openReadOnly[..]
		subclasses: 	nil
		name: 	#StandardFileStream
		classPool: 	a Dictionary(#Registry->a WeakRegistry(<this WeakRegistry is locked>[..]
		sharedPools: 	nil

StandardFileStream class>>fileExistsUserHandling:
	Receiver: StandardFileStream
	Arguments and temporary variables: 
		fullFileName: 	'/home/czar/Materias/ISW1/Mi repo/linux64/Quinta Actividad.st'
		dir: 	/home/czar/Materias/ISW1/Mi repo/linux64
		localName: 	'Quinta Actividad.st'
		choice: 	3
		newName: 	nil
		entry: 	/home/czar/Materias/ISW1/Mi repo/linux64/Quinta Actividad.st
	Receiver's instance variables: 
		superclass: 	FileStream
		methodDict: 	a MethodDictionary(#actAsExecutor->(StandardFileStream>>#actAsExecu[..]
		format: 	65544
		instanceVariables: 	#('name' 'fileID' 'buffer1')
		organization: 	('open/close' close closed ensureOpen open:forWrite: openReadOnly[..]
		subclasses: 	nil
		name: 	#StandardFileStream
		classPool: 	a Dictionary(#Registry->a WeakRegistry(<this WeakRegistry is locked>[..]
		sharedPools: 	nil

FileExistsException>>defaultAction
	Receiver: FileExistsException: '/home/czar/Materias/ISW1/Mi repo/linux64/Quinta Actividad.st'
	Arguments and temporary variables: 

	Receiver's instance variables: 
		messageText: 	nil
		tag: 	nil
		signalContext: 	FileExistsException(Exception)>>signal
		handlerContexts: 	an OrderedCollection()
		outerContext: 	nil
		fileName: 	'/home/czar/Materias/ISW1/Mi repo/linux64/Quinta Actividad.st'
		fileClass: 	StandardFileStream

UndefinedObject>>handleSignal:
	Receiver: nil
	Arguments and temporary variables: 
		exception: 	FileExistsException: '/home/czar/Materias/ISW1/Mi repo/linux64/Quint[..]
	Receiver's instance variables: 
nil
FileExistsException(Exception)>>signalIn:
	Receiver: FileExistsException: '/home/czar/Materias/ISW1/Mi repo/linux64/Quinta Actividad.st'
	Arguments and temporary variables: 
		aContext: 	FileExistsException(Exception)>>signal
	Receiver's instance variables: 
		messageText: 	nil
		tag: 	nil
		signalContext: 	FileExistsException(Exception)>>signal
		handlerContexts: 	an OrderedCollection()
		outerContext: 	nil
		fileName: 	'/home/czar/Materias/ISW1/Mi repo/linux64/Quinta Actividad.st'
		fileClass: 	StandardFileStream

FileExistsException(Exception)>>signal
	Receiver: FileExistsException: '/home/czar/Materias/ISW1/Mi repo/linux64/Quinta Actividad.st'
	Arguments and temporary variables: 

	Receiver's instance variables: 
		messageText: 	nil
		tag: 	nil
		signalContext: 	FileExistsException(Exception)>>signal
		handlerContexts: 	an OrderedCollection()
		outerContext: 	nil
		fileName: 	'/home/czar/Materias/ISW1/Mi repo/linux64/Quinta Actividad.st'
		fileClass: 	StandardFileStream

FileIOAccessor>>privateNewFile:
	Receiver: a FileIOAccessor
	Arguments and temporary variables: 
		aFileEntry: 	/home/czar/Materias/ISW1/Mi repo/linux64/Quinta Actividad.st
	Receiver's instance variables: 
		slash: 	'/'
		drives: 	nil

FileEntry>>writeStream
	Receiver: /home/czar/Materias/ISW1/Mi repo/linux64/Quinta Actividad.st
	Arguments and temporary variables: 

	Receiver's instance variables: 
		drive: 	nil
		pathComponents: 	#('home' 'czar' 'Materias' 'ISW1' 'Mi repo' 'linux64' 'Quinta A[..]
		parent: 	/home/czar/Materias/ISW1/Mi repo/linux64
		name: 	'Quinta Actividad.st'
		creationTime: 	nil
		modificationTime: 	nil
		fileSize: 	nil

FileEntry>>writeStreamDo:
	Receiver: /home/czar/Materias/ISW1/Mi repo/linux64/Quinta Actividad.st
	Arguments and temporary variables: 
		blockWithArg: 	[closure] in SystemOrganizer>>fileOutCategory:
		stream: 	nil
	Receiver's instance variables: 
		drive: 	nil
		pathComponents: 	#('home' 'czar' 'Materias' 'ISW1' 'Mi repo' 'linux64' 'Quinta A[..]
		parent: 	/home/czar/Materias/ISW1/Mi repo/linux64
		name: 	'Quinta Actividad.st'
		creationTime: 	nil
		modificationTime: 	nil
		fileSize: 	nil

SystemOrganizer>>fileOutCategory:
	Receiver: ('Kernel-Objects' ActiveModel Boolean False MessageSend Object ProtoObject True UndefinedO[..]
	Arguments and temporary variables: 
		category: 	#'Quinta Actividad'
	Receiver's instance variables: 
		categoryArray: 	#(#'Kernel-Objects' #'Kernel-Classes' #'Kernel-Magnitudes' #'Ker[..]
		categoryStops: 	#(10 20 21 35 39 49 64 74 77 83 89 99 108 114 121 147 149 156 16[..]
		elementArray: 	#(#ActiveModel #Boolean #False #MessageSend #Object #ProtoObject [..]

DenotativeObjectBrowser(Browser)>>fileOutSystemCategory
	Receiver: a DenotativeObjectBrowser
	Arguments and temporary variables: 

	Receiver's instance variables: 
		actionMap: 	an IdentityDictionary(#changed:->#(WeakMessageSend(#update: -> Denot[..]
		currentCompiledMethod: 	nil
		contentsSymbol: 	#source
		systemOrganizer: 	('Kernel-Objects' ActiveModel Boolean False MessageSend Object[..]
		classOrganizer: 	('as yet unclassified')

		metaClassOrganizer: 	('as yet unclassified' next previous previous:)

		selectedSystemCategory: 	#'Quinta Actividad'
		selectedClassName: 	#III
		selectedMessageCategory: 	nil
		selectedMessage: 	nil
		editSelection: 	#editClass
		metaClassIndicated: 	true

MenuItemMorph>>invokeWithEvent:
	Receiver: a MenuItemMorph(526808)'fileOut'
	Arguments and temporary variables: 
		evt: 	a MouseButtonEvent
		selArgCount: 	0
		w: 	 [world]
	Receiver's instance variables: 
		owner: 	a MenuMorph(1042066)
		submorphs: 	#()
		location: 	MorphicTranslation(translation 5.0@5.0) 
		layoutNeeded: 	false
		layoutSpec: 	nil
		properties: 	an IdentityDictionary(#balloonText->'' )
		extent: 	104@18
		color: 	Color black
		font: 	a StrikeFont(DejaVu 10 16)
		emphasis: 	0
		contents: 	'fileOut'
		isEnabled: 	true
		subMenu: 	nil
		isSelected: 	false
		target: 	a DenotativeObjectBrowser
		selector: 	#fileOutSystemCategory
		arguments: 	#()
		icon: 	Form(16x16x32)

MenuItemMorph>>mouseButton1Up:localPosition:
	Receiver: a MenuItemMorph(526808)'fileOut'
	Arguments and temporary variables: 
		aMouseButtonEvent: 	a MouseButtonEvent
		localEventPosition: 	9.0@9.0
	Receiver's instance variables: 
		owner: 	a MenuMorph(1042066)
		submorphs: 	#()
		location: 	MorphicTranslation(translation 5.0@5.0) 
		layoutNeeded: 	false
		layoutSpec: 	nil
		properties: 	an IdentityDictionary(#balloonText->'' )
		extent: 	104@18
		color: 	Color black
		font: 	a StrikeFont(DejaVu 10 16)
		emphasis: 	0
		contents: 	'fileOut'
		isEnabled: 	true
		subMenu: 	nil
		isSelected: 	false
		target: 	a DenotativeObjectBrowser
		selector: 	#fileOutSystemCategory
		arguments: 	#()
		icon: 	Form(16x16x32)

MenuItemMorph(Morph)>>processMouseUp:localPosition:
	Receiver: a MenuItemMorph(526808)'fileOut'
	Arguments and temporary variables: 
		aMouseButtonEvent: 	a MouseButtonEvent
		localEventPosition: 	9.0@9.0
	Receiver's instance variables: 
		owner: 	a MenuMorph(1042066)
		submorphs: 	#()
		location: 	MorphicTranslation(translation 5.0@5.0) 
		layoutNeeded: 	false
		layoutSpec: 	nil
		properties: 	an IdentityDictionary(#balloonText->'' )
		extent: 	104@18
		color: 	Color black
		font: 	a StrikeFont(DejaVu 10 16)
		emphasis: 	0
		contents: 	'fileOut'
		isEnabled: 	true
		subMenu: 	nil
		isSelected: 	false
		target: 	a DenotativeObjectBrowser
		selector: 	#fileOutSystemCategory
		arguments: 	#()
		icon: 	Form(16x16x32)

MouseButtonEvent>>sentTo:localPosition:
	Receiver: a MouseButtonEvent
	Arguments and temporary variables: 
		aMorph: 	a MenuItemMorph(526808)'fileOut'
		positionInAMorph: 	9.0@9.0
	Receiver's instance variables: 
		timeStamp: 	4118052
		source: 	a HandMorph(2731349)
		type: 	#mouseUp
		buttons: 	0
		position: 	235@47
		wasHandled: 	true
		whichButton: 	4
		eventHandler: 	nil

MouseButtonEvent(MorphicEvent)>>dispatchWith:localPosition:
	Receiver: a MouseButtonEvent
	Arguments and temporary variables: 
<<error during printing>
	Receiver's instance variables: 
		timeStamp: 	4118052
		source: 	a HandMorph(2731349)
		type: 	#mouseUp
		buttons: 	0
		position: 	235@47
		wasHandled: 	true
		whichButton: 	4
		eventHandler: 	nil

MouseButtonEvent>>dispatchWith:localPosition:
	Receiver: a MouseButtonEvent
	Arguments and temporary variables: 
<<error during printing>
	Receiver's instance variables: 
		timeStamp: 	4118052
		source: 	a HandMorph(2731349)
		type: 	#mouseUp
		buttons: 	0
		position: 	235@47
		wasHandled: 	true
		whichButton: 	4
		eventHandler: 	nil

MenuItemMorph(Morph)>>dispatchEvent:localPosition:
	Receiver: a MenuItemMorph(526808)'fileOut'
	Arguments and temporary variables: 
		aMorphicEvent: 	a MouseButtonEvent
		localPosition: 	9.0@9.0
	Receiver's instance variables: 
		owner: 	a MenuMorph(1042066)
		submorphs: 	#()
		location: 	MorphicTranslation(translation 5.0@5.0) 
		layoutNeeded: 	false
		layoutSpec: 	nil
		properties: 	an IdentityDictionary(#balloonText->'' )
		extent: 	104@18
		color: 	Color black
		font: 	a StrikeFont(DejaVu 10 16)
		emphasis: 	0
		contents: 	'fileOut'
		isEnabled: 	true
		subMenu: 	nil
		isSelected: 	false
		target: 	a DenotativeObjectBrowser
		selector: 	#fileOutSystemCategory
		arguments: 	#()
		icon: 	Form(16x16x32)

[] in MouseButtonEvent(MorphicEvent)>>dispatchWith:localPosition:
	Receiver: a MouseButtonEvent
	Arguments and temporary variables: 
<<error during printing>
	Receiver's instance variables: 
		timeStamp: 	4118052
		source: 	a HandMorph(2731349)
		type: 	#mouseUp
		buttons: 	0
		position: 	235@47
		wasHandled: 	true
		whichButton: 	4
		eventHandler: 	nil


--- The full stack ---
StandardFileStream class(Object)>>error:
StandardFileStream class>>fileExistsUserHandling:
FileExistsException>>defaultAction
UndefinedObject>>handleSignal:
FileExistsException(Exception)>>signalIn:
FileExistsException(Exception)>>signal
FileIOAccessor>>privateNewFile:
FileEntry>>writeStream
FileEntry>>writeStreamDo:
SystemOrganizer>>fileOutCategory:
DenotativeObjectBrowser(Browser)>>fileOutSystemCategory
MenuItemMorph>>invokeWithEvent:
MenuItemMorph>>mouseButton1Up:localPosition:
MenuItemMorph(Morph)>>processMouseUp:localPosition:
MouseButtonEvent>>sentTo:localPosition:
MouseButtonEvent(MorphicEvent)>>dispatchWith:localPosition:
MouseButtonEvent>>dispatchWith:localPosition:
MenuItemMorph(Morph)>>dispatchEvent:localPosition:
[] in MouseButtonEvent(MorphicEvent)>>dispatchWith:localPosition:
 - - - - - - - - - - - - - - - - - - - - - - - - - - - - - - - - -
Array(SequenceableCollection)>>do:
MenuMorph(Morph)>>submorphsDo:
MouseButtonEvent(MorphicEvent)>>dispatchWith:localPosition:
MouseButtonEvent>>dispatchWith:localPosition:
MenuMorph(Morph)>>dispatchEvent:localPosition:
MenuMorph>>handleFocusEvent:
HandMorph>>startMouseDispatch:
MouseButtonEvent(MouseEvent)>>startDispatchFrom:
HandMorph>>startEventDispatch:
HandMorph>>processEventQueue
[] in WorldState>>doOneCycleNow
Array(SequenceableCollection)>>do:
WorldState>>handsDo:
WorldState>>doOneCycleNow
WorldState>>doOneCycle
PasteUpMorph>>doOneCycle
[] in ProjectX class>>spawnNewMorphicProcessFor:
[] in BlockClosure>>newProcess
